
2015/02/10 10:07:05 [error] [php] Undefined index: appId (F:\yii\blog\protected\controllers\BindController.php:43)
Stack trace:
#0 F:\yii\yii\framework\web\CController.php(278): BindController->runAction()
#1 F:\yii\yii\framework\web\CController.php(257): BindController->runActionWithFilters()
#2 F:\yii\yii\framework\web\CWebApplication.php(328): BindController->run()
#3 F:\yii\yii\framework\web\CWebApplication.php(121): CWebApplication->runController()
#4 F:\yii\yii\framework\base\CApplication.php(155): CWebApplication->processRequest()
#5 F:\yii\blog\index.php(13): CWebApplication->run()
REQUEST_URI=/index.php/bind/checkMobile
2015/02/10 10:07:45 [error] [php] Undefined index: appId (F:\yii\blog\protected\controllers\BindController.php:43)
Stack trace:
#0 F:\yii\yii\framework\web\CController.php(278): BindController->runAction()
#1 F:\yii\yii\framework\web\CController.php(257): BindController->runActionWithFilters()
#2 F:\yii\yii\framework\web\CWebApplication.php(328): BindController->run()
#3 F:\yii\yii\framework\web\CWebApplication.php(121): CWebApplication->runController()
#4 F:\yii\yii\framework\base\CApplication.php(155): CWebApplication->processRequest()
#5 F:\yii\blog\index.php(13): CWebApplication->run()
REQUEST_URI=/index.php/bind/checkMobile
2015/02/10 10:08:01 [error] [php] Undefined index: appId (F:\yii\blog\protected\controllers\BindController.php:43)
Stack trace:
#0 F:\yii\yii\framework\web\CController.php(278): BindController->runAction()
#1 F:\yii\yii\framework\web\CController.php(257): BindController->runActionWithFilters()
#2 F:\yii\yii\framework\web\CWebApplication.php(328): BindController->run()
#3 F:\yii\yii\framework\web\CWebApplication.php(121): CWebApplication->runController()
#4 F:\yii\yii\framework\base\CApplication.php(155): CWebApplication->processRequest()
#5 F:\yii\blog\index.php(13): CWebApplication->run()
REQUEST_URI=/index.php/bind/checkMobile
2015/02/10 10:09:25 [error] [php] Undefined index: appId (F:\yii\blog\protected\controllers\BindController.php:43)
Stack trace:
#0 F:\yii\yii\framework\web\CController.php(278): BindController->runAction()
#1 F:\yii\yii\framework\web\CController.php(257): BindController->runActionWithFilters()
#2 F:\yii\yii\framework\web\CWebApplication.php(328): BindController->run()
#3 F:\yii\yii\framework\web\CWebApplication.php(121): CWebApplication->runController()
#4 F:\yii\yii\framework\base\CApplication.php(155): CWebApplication->processRequest()
#5 F:\yii\blog\index.php(13): CWebApplication->run()
REQUEST_URI=/index.php/bind/checkMobile
2015/02/10 10:15:05 [error] [php] Undefined index: appId (F:\yii\blog\protected\controllers\BindController.php:43)
Stack trace:
#0 F:\yii\yii\framework\web\CController.php(278): BindController->runAction()
#1 F:\yii\yii\framework\web\CController.php(257): BindController->runActionWithFilters()
#2 F:\yii\yii\framework\web\CWebApplication.php(328): BindController->run()
#3 F:\yii\yii\framework\web\CWebApplication.php(121): CWebApplication->runController()
#4 F:\yii\yii\framework\base\CApplication.php(155): CWebApplication->processRequest()
#5 F:\yii\blog\index.php(13): CWebApplication->run()
REQUEST_URI=/index.php/bind/checkMobile
2015/02/10 10:17:00 [error] [php] Undefined index: appId (F:\yii\blog\protected\controllers\BindController.php:43)
Stack trace:
#0 F:\yii\yii\framework\web\CController.php(278): BindController->runAction()
#1 F:\yii\yii\framework\web\CController.php(257): BindController->runActionWithFilters()
#2 F:\yii\yii\framework\web\CWebApplication.php(328): BindController->run()
#3 F:\yii\yii\framework\web\CWebApplication.php(121): CWebApplication->runController()
#4 F:\yii\yii\framework\base\CApplication.php(155): CWebApplication->processRequest()
#5 F:\yii\blog\index.php(13): CWebApplication->run()
REQUEST_URI=/index.php/bind/checkMobile
2015/02/10 10:18:10 [error] [php] Undefined index: appId (F:\yii\blog\protected\controllers\BindController.php:43)
Stack trace:
#0 F:\yii\yii\framework\web\CController.php(278): BindController->runAction()
#1 F:\yii\yii\framework\web\CController.php(257): BindController->runActionWithFilters()
#2 F:\yii\yii\framework\web\CWebApplication.php(328): BindController->run()
#3 F:\yii\yii\framework\web\CWebApplication.php(121): CWebApplication->runController()
#4 F:\yii\yii\framework\base\CApplication.php(155): CWebApplication->processRequest()
#5 F:\yii\blog\index.php(13): CWebApplication->run()
REQUEST_URI=/index.php/bind/checkMobile
2015/02/10 10:21:03 [error] [php] Undefined index: appId (F:\yii\blog\protected\controllers\BindController.php:43)
Stack trace:
#0 F:\yii\yii\framework\web\CController.php(278): BindController->runAction()
#1 F:\yii\yii\framework\web\CController.php(257): BindController->runActionWithFilters()
#2 F:\yii\yii\framework\web\CWebApplication.php(328): BindController->run()
#3 F:\yii\yii\framework\web\CWebApplication.php(121): CWebApplication->runController()
#4 F:\yii\yii\framework\base\CApplication.php(155): CWebApplication->processRequest()
#5 F:\yii\blog\index.php(13): CWebApplication->run()
REQUEST_URI=/index.php/bind/checkMobile
2015/02/10 10:21:06 [error] [php] Undefined index: appId (F:\yii\blog\protected\controllers\BindController.php:43)
Stack trace:
#0 F:\yii\yii\framework\web\CController.php(278): BindController->runAction()
#1 F:\yii\yii\framework\web\CController.php(257): BindController->runActionWithFilters()
#2 F:\yii\yii\framework\web\CWebApplication.php(328): BindController->run()
#3 F:\yii\yii\framework\web\CWebApplication.php(121): CWebApplication->runController()
#4 F:\yii\yii\framework\base\CApplication.php(155): CWebApplication->processRequest()
#5 F:\yii\blog\index.php(13): CWebApplication->run()
REQUEST_URI=/index.php/bind/checkMobile
2015/02/10 10:27:19 [error] [php] Undefined index: openid (F:\yii\blog\protected\controllers\BindController.php:41)
Stack trace:
#0 F:\yii\yii\framework\web\CController.php(278): BindController->runAction()
#1 F:\yii\yii\framework\web\CController.php(257): BindController->runActionWithFilters()
#2 F:\yii\yii\framework\web\CWebApplication.php(328): BindController->run()
#3 F:\yii\yii\framework\web\CWebApplication.php(121): CWebApplication->runController()
#4 F:\yii\yii\framework\base\CApplication.php(155): CWebApplication->processRequest()
#5 F:\yii\blog\index.php(13): CWebApplication->run()
REQUEST_URI=/index.php/bind/CheckMobile
2015/02/10 10:27:37 [error] [php] Undefined index: appId (F:\yii\blog\protected\controllers\BindController.php:46)
Stack trace:
#0 F:\yii\yii\framework\web\CController.php(278): BindController->runAction()
#1 F:\yii\yii\framework\web\CController.php(257): BindController->runActionWithFilters()
#2 F:\yii\yii\framework\web\CWebApplication.php(328): BindController->run()
#3 F:\yii\yii\framework\web\CWebApplication.php(121): CWebApplication->runController()
#4 F:\yii\yii\framework\base\CApplication.php(155): CWebApplication->processRequest()
#5 F:\yii\blog\index.php(13): CWebApplication->run()
REQUEST_URI=/index.php/bind/checkMobile
2015/02/10 10:38:05 [error] [system.db.CDbCommand] CDbCommand::fetch() failed: SQLSTATE[42S22]: Column not found: 1054 Unknown column '是' in 'where clause'. The SQL statement executed was: SELECT openid,flag FROM `tbl_client` `t` WHERE (openid=:openId) AND (flag=是) LIMIT 1.
2015/02/10 10:38:05 [error] [exception.CDbException] exception 'CDbException' with message 'CDbCommand failed to execute the SQL statement: SQLSTATE[42S22]: Column not found: 1054 Unknown column '是' in 'where clause'. The SQL statement executed was: SELECT openid,flag FROM `tbl_client` `t` WHERE (openid=:openId) AND (flag=是) LIMIT 1' in F:\yii\yii\framework\db\CDbCommand.php:518
Stack trace:
#0 F:\yii\yii\framework\db\CDbCommand.php(395): CDbCommand->queryInternal('fetch', Array, Array)
#1 F:\yii\yii\framework\db\ar\CActiveRecord.php(1256): CDbCommand->queryRow()
#2 F:\yii\yii\framework\db\ar\CActiveRecord.php(1366): CActiveRecord->query(Object(CDbCriteria))
#3 F:\yii\blog\protected\controllers\BindController.php(110): CActiveRecord->find(Object(CDbCriteria))
#4 F:\yii\yii\framework\web\actions\CInlineAction.php(50): BindController->actionBind()
#5 F:\yii\yii\framework\web\CController.php(300): CInlineAction->runWithParams(Array)
#6 F:\yii\yii\framework\web\CController.php(278): CController->runAction(Object(CInlineAction))
#7 F:\yii\yii\framework\web\CController.php(257): CController->runActionWithFilters(Object(CInlineAction), Array)
#8 F:\yii\yii\framework\web\CWebApplication.php(328): CController->run('bind')
#9 F:\yii\yii\framework\web\CWebApplication.php(121): CWebApplication->runController('bind/bind')
#10 F:\yii\yii\framework\base\CApplication.php(155): CWebApplication->processRequest()
#11 F:\yii\blog\index.php(13): CApplication->run()
#12 {main} REQUEST_URI=/index.php/bind/bind
2015/02/10 10:38:08 [error] [system.db.CDbCommand] CDbCommand::fetch() failed: SQLSTATE[42S22]: Column not found: 1054 Unknown column '是' in 'where clause'. The SQL statement executed was: SELECT openid,flag FROM `tbl_client` `t` WHERE (openid=:openId) AND (flag=是) LIMIT 1.
2015/02/10 10:38:08 [error] [exception.CDbException] exception 'CDbException' with message 'CDbCommand failed to execute the SQL statement: SQLSTATE[42S22]: Column not found: 1054 Unknown column '是' in 'where clause'. The SQL statement executed was: SELECT openid,flag FROM `tbl_client` `t` WHERE (openid=:openId) AND (flag=是) LIMIT 1' in F:\yii\yii\framework\db\CDbCommand.php:518
Stack trace:
#0 F:\yii\yii\framework\db\CDbCommand.php(395): CDbCommand->queryInternal('fetch', Array, Array)
#1 F:\yii\yii\framework\db\ar\CActiveRecord.php(1256): CDbCommand->queryRow()
#2 F:\yii\yii\framework\db\ar\CActiveRecord.php(1366): CActiveRecord->query(Object(CDbCriteria))
#3 F:\yii\blog\protected\controllers\BindController.php(110): CActiveRecord->find(Object(CDbCriteria))
#4 F:\yii\yii\framework\web\actions\CInlineAction.php(50): BindController->actionBind()
#5 F:\yii\yii\framework\web\CController.php(300): CInlineAction->runWithParams(Array)
#6 F:\yii\yii\framework\web\CController.php(278): CController->runAction(Object(CInlineAction))
#7 F:\yii\yii\framework\web\CController.php(257): CController->runActionWithFilters(Object(CInlineAction), Array)
#8 F:\yii\yii\framework\web\CWebApplication.php(328): CController->run('bind')
#9 F:\yii\yii\framework\web\CWebApplication.php(121): CWebApplication->runController('bind/bind')
#10 F:\yii\yii\framework\base\CApplication.php(155): CWebApplication->processRequest()
#11 F:\yii\blog\index.php(13): CApplication->run()
#12 {main} REQUEST_URI=/index.php/bind/bind
2015/02/10 10:38:15 [error] [system.db.CDbCommand] CDbCommand::fetch() failed: SQLSTATE[42S22]: Column not found: 1054 Unknown column '是' in 'where clause'. The SQL statement executed was: SELECT openid,flag FROM `tbl_client` `t` WHERE (openid=:openId) AND (flag=是) LIMIT 1.
2015/02/10 10:38:15 [error] [exception.CDbException] exception 'CDbException' with message 'CDbCommand failed to execute the SQL statement: SQLSTATE[42S22]: Column not found: 1054 Unknown column '是' in 'where clause'. The SQL statement executed was: SELECT openid,flag FROM `tbl_client` `t` WHERE (openid=:openId) AND (flag=是) LIMIT 1' in F:\yii\yii\framework\db\CDbCommand.php:518
Stack trace:
#0 F:\yii\yii\framework\db\CDbCommand.php(395): CDbCommand->queryInternal('fetch', Array, Array)
#1 F:\yii\yii\framework\db\ar\CActiveRecord.php(1256): CDbCommand->queryRow()
#2 F:\yii\yii\framework\db\ar\CActiveRecord.php(1366): CActiveRecord->query(Object(CDbCriteria))
#3 F:\yii\blog\protected\controllers\BindController.php(110): CActiveRecord->find(Object(CDbCriteria))
#4 F:\yii\yii\framework\web\actions\CInlineAction.php(50): BindController->actionBind()
#5 F:\yii\yii\framework\web\CController.php(300): CInlineAction->runWithParams(Array)
#6 F:\yii\yii\framework\web\CController.php(278): CController->runAction(Object(CInlineAction))
#7 F:\yii\yii\framework\web\CController.php(257): CController->runActionWithFilters(Object(CInlineAction), Array)
#8 F:\yii\yii\framework\web\CWebApplication.php(328): CController->run('bind')
#9 F:\yii\yii\framework\web\CWebApplication.php(121): CWebApplication->runController('bind/bind')
#10 F:\yii\yii\framework\base\CApplication.php(155): CWebApplication->processRequest()
#11 F:\yii\blog\index.php(13): CApplication->run()
#12 {main} REQUEST_URI=/index.php/bind/bind
2015/02/10 10:38:26 [error] [system.db.CDbCommand] CDbCommand::fetch() failed: SQLSTATE[42S22]: Column not found: 1054 Unknown column '是' in 'where clause'. The SQL statement executed was: SELECT openid,flag FROM `tbl_client` `t` WHERE (openid=:openId) AND (flag=是) LIMIT 1.
2015/02/10 10:38:26 [error] [exception.CDbException] exception 'CDbException' with message 'CDbCommand failed to execute the SQL statement: SQLSTATE[42S22]: Column not found: 1054 Unknown column '是' in 'where clause'. The SQL statement executed was: SELECT openid,flag FROM `tbl_client` `t` WHERE (openid=:openId) AND (flag=是) LIMIT 1' in F:\yii\yii\framework\db\CDbCommand.php:518
Stack trace:
#0 F:\yii\yii\framework\db\CDbCommand.php(395): CDbCommand->queryInternal('fetch', Array, Array)
#1 F:\yii\yii\framework\db\ar\CActiveRecord.php(1256): CDbCommand->queryRow()
#2 F:\yii\yii\framework\db\ar\CActiveRecord.php(1366): CActiveRecord->query(Object(CDbCriteria))
#3 F:\yii\blog\protected\controllers\BindController.php(110): CActiveRecord->find(Object(CDbCriteria))
#4 F:\yii\yii\framework\web\actions\CInlineAction.php(50): BindController->actionBind()
#5 F:\yii\yii\framework\web\CController.php(300): CInlineAction->runWithParams(Array)
#6 F:\yii\yii\framework\web\CController.php(278): CController->runAction(Object(CInlineAction))
#7 F:\yii\yii\framework\web\CController.php(257): CController->runActionWithFilters(Object(CInlineAction), Array)
#8 F:\yii\yii\framework\web\CWebApplication.php(328): CController->run('bind')
#9 F:\yii\yii\framework\web\CWebApplication.php(121): CWebApplication->runController('bind/bind')
#10 F:\yii\yii\framework\base\CApplication.php(155): CWebApplication->processRequest()
#11 F:\yii\blog\index.php(13): CApplication->run()
#12 {main} REQUEST_URI=/index.php/bind/bind
2015/02/10 10:39:25 [error] [system.db.CDbCommand] CDbCommand::fetch() failed: SQLSTATE[42S22]: Column not found: 1054 Unknown column '是' in 'where clause'. The SQL statement executed was: SELECT openid,flag FROM `tbl_client` `t` WHERE (openid=:openId) AND (flag=是) LIMIT 1.
2015/02/10 10:39:25 [error] [exception.CDbException] exception 'CDbException' with message 'CDbCommand failed to execute the SQL statement: SQLSTATE[42S22]: Column not found: 1054 Unknown column '是' in 'where clause'. The SQL statement executed was: SELECT openid,flag FROM `tbl_client` `t` WHERE (openid=:openId) AND (flag=是) LIMIT 1' in F:\yii\yii\framework\db\CDbCommand.php:518
Stack trace:
#0 F:\yii\yii\framework\db\CDbCommand.php(395): CDbCommand->queryInternal('fetch', Array, Array)
#1 F:\yii\yii\framework\db\ar\CActiveRecord.php(1256): CDbCommand->queryRow()
#2 F:\yii\yii\framework\db\ar\CActiveRecord.php(1366): CActiveRecord->query(Object(CDbCriteria))
#3 F:\yii\blog\protected\controllers\BindController.php(111): CActiveRecord->find(Object(CDbCriteria))
#4 F:\yii\yii\framework\web\actions\CInlineAction.php(50): BindController->actionBind()
#5 F:\yii\yii\framework\web\CController.php(300): CInlineAction->runWithParams(Array)
#6 F:\yii\yii\framework\web\CController.php(278): CController->runAction(Object(CInlineAction))
#7 F:\yii\yii\framework\web\CController.php(257): CController->runActionWithFilters(Object(CInlineAction), Array)
#8 F:\yii\yii\framework\web\CWebApplication.php(328): CController->run('bind')
#9 F:\yii\yii\framework\web\CWebApplication.php(121): CWebApplication->runController('bind/bind')
#10 F:\yii\yii\framework\base\CApplication.php(155): CWebApplication->processRequest()
#11 F:\yii\blog\index.php(13): CApplication->run()
#12 {main} REQUEST_URI=/index.php/bind/bind
2015/02/10 10:39:43 [error] [system.db.CDbCommand] CDbCommand::fetch() failed: SQLSTATE[42S22]: Column not found: 1054 Unknown column '是' in 'where clause'. The SQL statement executed was: SELECT openid,flag FROM `tbl_client` `t` WHERE (openid=:openId) AND (flag=是) LIMIT 1.
2015/02/10 10:39:43 [error] [exception.CDbException] exception 'CDbException' with message 'CDbCommand failed to execute the SQL statement: SQLSTATE[42S22]: Column not found: 1054 Unknown column '是' in 'where clause'. The SQL statement executed was: SELECT openid,flag FROM `tbl_client` `t` WHERE (openid=:openId) AND (flag=是) LIMIT 1' in F:\yii\yii\framework\db\CDbCommand.php:518
Stack trace:
#0 F:\yii\yii\framework\db\CDbCommand.php(395): CDbCommand->queryInternal('fetch', Array, Array)
#1 F:\yii\yii\framework\db\ar\CActiveRecord.php(1256): CDbCommand->queryRow()
#2 F:\yii\yii\framework\db\ar\CActiveRecord.php(1366): CActiveRecord->query(Object(CDbCriteria))
#3 F:\yii\blog\protected\controllers\BindController.php(111): CActiveRecord->find(Object(CDbCriteria))
#4 F:\yii\yii\framework\web\actions\CInlineAction.php(50): BindController->actionBind()
#5 F:\yii\yii\framework\web\CController.php(300): CInlineAction->runWithParams(Array)
#6 F:\yii\yii\framework\web\CController.php(278): CController->runAction(Object(CInlineAction))
#7 F:\yii\yii\framework\web\CController.php(257): CController->runActionWithFilters(Object(CInlineAction), Array)
#8 F:\yii\yii\framework\web\CWebApplication.php(328): CController->run('bind')
#9 F:\yii\yii\framework\web\CWebApplication.php(121): CWebApplication->runController('bind/bind')
#10 F:\yii\yii\framework\base\CApplication.php(155): CWebApplication->processRequest()
#11 F:\yii\blog\index.php(13): CApplication->run()
#12 {main} REQUEST_URI=/index.php/bind/bind
2015/02/10 10:39:52 [error] [system.db.CDbCommand] CDbCommand::fetch() failed: SQLSTATE[42S22]: Column not found: 1054 Unknown column '是' in 'where clause'. The SQL statement executed was: SELECT openid,flag FROM `tbl_client` `t` WHERE (openid=:openId) AND (flag=是) LIMIT 1.
2015/02/10 10:39:52 [error] [exception.CDbException] exception 'CDbException' with message 'CDbCommand failed to execute the SQL statement: SQLSTATE[42S22]: Column not found: 1054 Unknown column '是' in 'where clause'. The SQL statement executed was: SELECT openid,flag FROM `tbl_client` `t` WHERE (openid=:openId) AND (flag=是) LIMIT 1' in F:\yii\yii\framework\db\CDbCommand.php:518
Stack trace:
#0 F:\yii\yii\framework\db\CDbCommand.php(395): CDbCommand->queryInternal('fetch', Array, Array)
#1 F:\yii\yii\framework\db\ar\CActiveRecord.php(1256): CDbCommand->queryRow()
#2 F:\yii\yii\framework\db\ar\CActiveRecord.php(1366): CActiveRecord->query(Object(CDbCriteria))
#3 F:\yii\blog\protected\controllers\BindController.php(111): CActiveRecord->find(Object(CDbCriteria))
#4 F:\yii\yii\framework\web\actions\CInlineAction.php(50): BindController->actionBind()
#5 F:\yii\yii\framework\web\CController.php(300): CInlineAction->runWithParams(Array)
#6 F:\yii\yii\framework\web\CController.php(278): CController->runAction(Object(CInlineAction))
#7 F:\yii\yii\framework\web\CController.php(257): CController->runActionWithFilters(Object(CInlineAction), Array)
#8 F:\yii\yii\framework\web\CWebApplication.php(328): CController->run('bind')
#9 F:\yii\yii\framework\web\CWebApplication.php(121): CWebApplication->runController('bind/bind')
#10 F:\yii\yii\framework\base\CApplication.php(155): CWebApplication->processRequest()
#11 F:\yii\blog\index.php(13): CApplication->run()
#12 {main} REQUEST_URI=/index.php/bind/bind
2015/02/10 10:40:38 [error] [system.db.CDbCommand] CDbCommand::fetch() failed: SQLSTATE[42000]: Syntax error or access violation: 1064 You have an error in your SQL syntax; check the manual that corresponds to your MySQL server version for the right syntax to use near ':是) LIMIT 1' at line 1. The SQL statement executed was: SELECT openid,flag FROM `tbl_client` `t` WHERE (openid=:openId) AND (flag=:是) LIMIT 1.
2015/02/10 10:40:38 [error] [exception.CDbException] exception 'CDbException' with message 'CDbCommand failed to execute the SQL statement: SQLSTATE[42000]: Syntax error or access violation: 1064 You have an error in your SQL syntax; check the manual that corresponds to your MySQL server version for the right syntax to use near ':是) LIMIT 1' at line 1. The SQL statement executed was: SELECT openid,flag FROM `tbl_client` `t` WHERE (openid=:openId) AND (flag=:是) LIMIT 1' in F:\yii\yii\framework\db\CDbCommand.php:518
Stack trace:
#0 F:\yii\yii\framework\db\CDbCommand.php(395): CDbCommand->queryInternal('fetch', Array, Array)
#1 F:\yii\yii\framework\db\ar\CActiveRecord.php(1256): CDbCommand->queryRow()
#2 F:\yii\yii\framework\db\ar\CActiveRecord.php(1366): CActiveRecord->query(Object(CDbCriteria))
#3 F:\yii\blog\protected\controllers\BindController.php(111): CActiveRecord->find(Object(CDbCriteria))
#4 F:\yii\yii\framework\web\actions\CInlineAction.php(50): BindController->actionBind()
#5 F:\yii\yii\framework\web\CController.php(300): CInlineAction->runWithParams(Array)
#6 F:\yii\yii\framework\web\CController.php(278): CController->runAction(Object(CInlineAction))
#7 F:\yii\yii\framework\web\CController.php(257): CController->runActionWithFilters(Object(CInlineAction), Array)
#8 F:\yii\yii\framework\web\CWebApplication.php(328): CController->run('bind')
#9 F:\yii\yii\framework\web\CWebApplication.php(121): CWebApplication->runController('bind/bind')
#10 F:\yii\yii\framework\base\CApplication.php(155): CWebApplication->processRequest()
#11 F:\yii\blog\index.php(13): CApplication->run()
#12 {main} REQUEST_URI=/index.php/bind/bind
2015/02/10 10:40:39 [error] [system.db.CDbCommand] CDbCommand::fetch() failed: SQLSTATE[42000]: Syntax error or access violation: 1064 You have an error in your SQL syntax; check the manual that corresponds to your MySQL server version for the right syntax to use near ':是) LIMIT 1' at line 1. The SQL statement executed was: SELECT openid,flag FROM `tbl_client` `t` WHERE (openid=:openId) AND (flag=:是) LIMIT 1.
2015/02/10 10:40:39 [error] [exception.CDbException] exception 'CDbException' with message 'CDbCommand failed to execute the SQL statement: SQLSTATE[42000]: Syntax error or access violation: 1064 You have an error in your SQL syntax; check the manual that corresponds to your MySQL server version for the right syntax to use near ':是) LIMIT 1' at line 1. The SQL statement executed was: SELECT openid,flag FROM `tbl_client` `t` WHERE (openid=:openId) AND (flag=:是) LIMIT 1' in F:\yii\yii\framework\db\CDbCommand.php:518
Stack trace:
#0 F:\yii\yii\framework\db\CDbCommand.php(395): CDbCommand->queryInternal('fetch', Array, Array)
#1 F:\yii\yii\framework\db\ar\CActiveRecord.php(1256): CDbCommand->queryRow()
#2 F:\yii\yii\framework\db\ar\CActiveRecord.php(1366): CActiveRecord->query(Object(CDbCriteria))
#3 F:\yii\blog\protected\controllers\BindController.php(111): CActiveRecord->find(Object(CDbCriteria))
#4 F:\yii\yii\framework\web\actions\CInlineAction.php(50): BindController->actionBind()
#5 F:\yii\yii\framework\web\CController.php(300): CInlineAction->runWithParams(Array)
#6 F:\yii\yii\framework\web\CController.php(278): CController->runAction(Object(CInlineAction))
#7 F:\yii\yii\framework\web\CController.php(257): CController->runActionWithFilters(Object(CInlineAction), Array)
#8 F:\yii\yii\framework\web\CWebApplication.php(328): CController->run('bind')
#9 F:\yii\yii\framework\web\CWebApplication.php(121): CWebApplication->runController('bind/bind')
#10 F:\yii\yii\framework\base\CApplication.php(155): CWebApplication->processRequest()
#11 F:\yii\blog\index.php(13): CApplication->run()
#12 {main} REQUEST_URI=/index.php/bind/bind
2015/02/10 10:40:40 [error] [system.db.CDbCommand] CDbCommand::fetch() failed: SQLSTATE[42000]: Syntax error or access violation: 1064 You have an error in your SQL syntax; check the manual that corresponds to your MySQL server version for the right syntax to use near ':是) LIMIT 1' at line 1. The SQL statement executed was: SELECT openid,flag FROM `tbl_client` `t` WHERE (openid=:openId) AND (flag=:是) LIMIT 1.
2015/02/10 10:40:40 [error] [exception.CDbException] exception 'CDbException' with message 'CDbCommand failed to execute the SQL statement: SQLSTATE[42000]: Syntax error or access violation: 1064 You have an error in your SQL syntax; check the manual that corresponds to your MySQL server version for the right syntax to use near ':是) LIMIT 1' at line 1. The SQL statement executed was: SELECT openid,flag FROM `tbl_client` `t` WHERE (openid=:openId) AND (flag=:是) LIMIT 1' in F:\yii\yii\framework\db\CDbCommand.php:518
Stack trace:
#0 F:\yii\yii\framework\db\CDbCommand.php(395): CDbCommand->queryInternal('fetch', Array, Array)
#1 F:\yii\yii\framework\db\ar\CActiveRecord.php(1256): CDbCommand->queryRow()
#2 F:\yii\yii\framework\db\ar\CActiveRecord.php(1366): CActiveRecord->query(Object(CDbCriteria))
#3 F:\yii\blog\protected\controllers\BindController.php(111): CActiveRecord->find(Object(CDbCriteria))
#4 F:\yii\yii\framework\web\actions\CInlineAction.php(50): BindController->actionBind()
#5 F:\yii\yii\framework\web\CController.php(300): CInlineAction->runWithParams(Array)
#6 F:\yii\yii\framework\web\CController.php(278): CController->runAction(Object(CInlineAction))
#7 F:\yii\yii\framework\web\CController.php(257): CController->runActionWithFilters(Object(CInlineAction), Array)
#8 F:\yii\yii\framework\web\CWebApplication.php(328): CController->run('bind')
#9 F:\yii\yii\framework\web\CWebApplication.php(121): CWebApplication->runController('bind/bind')
#10 F:\yii\yii\framework\base\CApplication.php(155): CWebApplication->processRequest()
#11 F:\yii\blog\index.php(13): CApplication->run()
#12 {main} REQUEST_URI=/index.php/bind/bind
2015/02/10 10:40:45 [error] [system.db.CDbCommand] CDbCommand::fetch() failed: SQLSTATE[42000]: Syntax error or access violation: 1064 You have an error in your SQL syntax; check the manual that corresponds to your MySQL server version for the right syntax to use near ':是) LIMIT 1' at line 1. The SQL statement executed was: SELECT openid,flag FROM `tbl_client` `t` WHERE (openid=:openId) AND (flag=:是) LIMIT 1.
2015/02/10 10:40:45 [error] [exception.CDbException] exception 'CDbException' with message 'CDbCommand failed to execute the SQL statement: SQLSTATE[42000]: Syntax error or access violation: 1064 You have an error in your SQL syntax; check the manual that corresponds to your MySQL server version for the right syntax to use near ':是) LIMIT 1' at line 1. The SQL statement executed was: SELECT openid,flag FROM `tbl_client` `t` WHERE (openid=:openId) AND (flag=:是) LIMIT 1' in F:\yii\yii\framework\db\CDbCommand.php:518
Stack trace:
#0 F:\yii\yii\framework\db\CDbCommand.php(395): CDbCommand->queryInternal('fetch', Array, Array)
#1 F:\yii\yii\framework\db\ar\CActiveRecord.php(1256): CDbCommand->queryRow()
#2 F:\yii\yii\framework\db\ar\CActiveRecord.php(1366): CActiveRecord->query(Object(CDbCriteria))
#3 F:\yii\blog\protected\controllers\BindController.php(111): CActiveRecord->find(Object(CDbCriteria))
#4 F:\yii\yii\framework\web\actions\CInlineAction.php(50): BindController->actionBind()
#5 F:\yii\yii\framework\web\CController.php(300): CInlineAction->runWithParams(Array)
#6 F:\yii\yii\framework\web\CController.php(278): CController->runAction(Object(CInlineAction))
#7 F:\yii\yii\framework\web\CController.php(257): CController->runActionWithFilters(Object(CInlineAction), Array)
#8 F:\yii\yii\framework\web\CWebApplication.php(328): CController->run('bind')
#9 F:\yii\yii\framework\web\CWebApplication.php(121): CWebApplication->runController('bind/bind')
#10 F:\yii\yii\framework\base\CApplication.php(155): CWebApplication->processRequest()
#11 F:\yii\blog\index.php(13): CApplication->run()
#12 {main} REQUEST_URI=/index.php/bind/bind
2015/02/10 10:40:50 [error] [system.db.CDbCommand] CDbCommand::fetch() failed: SQLSTATE[42000]: Syntax error or access violation: 1064 You have an error in your SQL syntax; check the manual that corresponds to your MySQL server version for the right syntax to use near ':是) LIMIT 1' at line 1. The SQL statement executed was: SELECT openid,flag FROM `tbl_client` `t` WHERE (openid=:openId) AND (flag=:是) LIMIT 1.
2015/02/10 10:40:50 [error] [exception.CDbException] exception 'CDbException' with message 'CDbCommand failed to execute the SQL statement: SQLSTATE[42000]: Syntax error or access violation: 1064 You have an error in your SQL syntax; check the manual that corresponds to your MySQL server version for the right syntax to use near ':是) LIMIT 1' at line 1. The SQL statement executed was: SELECT openid,flag FROM `tbl_client` `t` WHERE (openid=:openId) AND (flag=:是) LIMIT 1' in F:\yii\yii\framework\db\CDbCommand.php:518
Stack trace:
#0 F:\yii\yii\framework\db\CDbCommand.php(395): CDbCommand->queryInternal('fetch', Array, Array)
#1 F:\yii\yii\framework\db\ar\CActiveRecord.php(1256): CDbCommand->queryRow()
#2 F:\yii\yii\framework\db\ar\CActiveRecord.php(1366): CActiveRecord->query(Object(CDbCriteria))
#3 F:\yii\blog\protected\controllers\BindController.php(111): CActiveRecord->find(Object(CDbCriteria))
#4 F:\yii\yii\framework\web\actions\CInlineAction.php(50): BindController->actionBind()
#5 F:\yii\yii\framework\web\CController.php(300): CInlineAction->runWithParams(Array)
#6 F:\yii\yii\framework\web\CController.php(278): CController->runAction(Object(CInlineAction))
#7 F:\yii\yii\framework\web\CController.php(257): CController->runActionWithFilters(Object(CInlineAction), Array)
#8 F:\yii\yii\framework\web\CWebApplication.php(328): CController->run('bind')
#9 F:\yii\yii\framework\web\CWebApplication.php(121): CWebApplication->runController('bind/bind')
#10 F:\yii\yii\framework\base\CApplication.php(155): CWebApplication->processRequest()
#11 F:\yii\blog\index.php(13): CApplication->run()
#12 {main} REQUEST_URI=/index.php/bind/bind
2015/02/10 10:40:53 [error] [system.db.CDbCommand] CDbCommand::fetch() failed: SQLSTATE[42000]: Syntax error or access violation: 1064 You have an error in your SQL syntax; check the manual that corresponds to your MySQL server version for the right syntax to use near ':是) LIMIT 1' at line 1. The SQL statement executed was: SELECT openid,flag FROM `tbl_client` `t` WHERE (openid=:openId) AND (flag=:是) LIMIT 1.
2015/02/10 10:40:53 [error] [exception.CDbException] exception 'CDbException' with message 'CDbCommand failed to execute the SQL statement: SQLSTATE[42000]: Syntax error or access violation: 1064 You have an error in your SQL syntax; check the manual that corresponds to your MySQL server version for the right syntax to use near ':是) LIMIT 1' at line 1. The SQL statement executed was: SELECT openid,flag FROM `tbl_client` `t` WHERE (openid=:openId) AND (flag=:是) LIMIT 1' in F:\yii\yii\framework\db\CDbCommand.php:518
Stack trace:
#0 F:\yii\yii\framework\db\CDbCommand.php(395): CDbCommand->queryInternal('fetch', Array, Array)
#1 F:\yii\yii\framework\db\ar\CActiveRecord.php(1256): CDbCommand->queryRow()
#2 F:\yii\yii\framework\db\ar\CActiveRecord.php(1366): CActiveRecord->query(Object(CDbCriteria))
#3 F:\yii\blog\protected\controllers\BindController.php(111): CActiveRecord->find(Object(CDbCriteria))
#4 F:\yii\yii\framework\web\actions\CInlineAction.php(50): BindController->actionBind()
#5 F:\yii\yii\framework\web\CController.php(300): CInlineAction->runWithParams(Array)
#6 F:\yii\yii\framework\web\CController.php(278): CController->runAction(Object(CInlineAction))
#7 F:\yii\yii\framework\web\CController.php(257): CController->runActionWithFilters(Object(CInlineAction), Array)
#8 F:\yii\yii\framework\web\CWebApplication.php(328): CController->run('bind')
#9 F:\yii\yii\framework\web\CWebApplication.php(121): CWebApplication->runController('bind/bind')
#10 F:\yii\yii\framework\base\CApplication.php(155): CWebApplication->processRequest()
#11 F:\yii\blog\index.php(13): CApplication->run()
#12 {main} REQUEST_URI=/index.php/bind/bind
2015/02/10 10:56:53 [error] [php] Undefined variable: content (F:\yii\blog\protected\controllers\BindController.php:194)
Stack trace:
#0 F:\yii\yii\framework\web\CController.php(278): BindController->runAction()
#1 F:\yii\yii\framework\web\CController.php(257): BindController->runActionWithFilters()
#2 F:\yii\yii\framework\web\CWebApplication.php(328): BindController->run()
#3 F:\yii\yii\framework\web\CWebApplication.php(121): CWebApplication->runController()
#4 F:\yii\yii\framework\base\CApplication.php(155): CWebApplication->processRequest()
#5 F:\yii\blog\index.php(13): CWebApplication->run()
REQUEST_URI=/index.php/bind/sendCode
2015/02/10 10:57:10 [error] [php] Undefined variable: content (F:\yii\blog\protected\controllers\BindController.php:194)
Stack trace:
#0 F:\yii\yii\framework\web\CController.php(278): BindController->runAction()
#1 F:\yii\yii\framework\web\CController.php(257): BindController->runActionWithFilters()
#2 F:\yii\yii\framework\web\CWebApplication.php(328): BindController->run()
#3 F:\yii\yii\framework\web\CWebApplication.php(121): CWebApplication->runController()
#4 F:\yii\yii\framework\base\CApplication.php(155): CWebApplication->processRequest()
#5 F:\yii\blog\index.php(13): CWebApplication->run()
REQUEST_URI=/index.php/bind/sendCode
2015/02/10 10:57:33 [error] [php] Undefined variable: content (F:\yii\blog\protected\controllers\BindController.php:194)
Stack trace:
#0 F:\yii\yii\framework\web\CController.php(278): BindController->runAction()
#1 F:\yii\yii\framework\web\CController.php(257): BindController->runActionWithFilters()
#2 F:\yii\yii\framework\web\CWebApplication.php(328): BindController->run()
#3 F:\yii\yii\framework\web\CWebApplication.php(121): CWebApplication->runController()
#4 F:\yii\yii\framework\base\CApplication.php(155): CWebApplication->processRequest()
#5 F:\yii\blog\index.php(13): CWebApplication->run()
REQUEST_URI=/index.php/bind/sendCode
2015/02/10 10:58:14 [error] [php] Undefined variable: content (F:\yii\blog\protected\controllers\BindController.php:194)
Stack trace:
#0 F:\yii\yii\framework\web\CController.php(278): BindController->runAction()
#1 F:\yii\yii\framework\web\CController.php(257): BindController->runActionWithFilters()
#2 F:\yii\yii\framework\web\CWebApplication.php(328): BindController->run()
#3 F:\yii\yii\framework\web\CWebApplication.php(121): CWebApplication->runController()
#4 F:\yii\yii\framework\base\CApplication.php(155): CWebApplication->processRequest()
#5 F:\yii\blog\index.php(13): CWebApplication->run()
REQUEST_URI=/index.php/bind/sendCode
2015/02/10 16:16:20 [error] [exception.CDbException] exception 'CDbException' with message 'CDbConnection failed to open the DB connection: SQLSTATE[HY000] [1049] Unknown database 'blog'' in E:\yii\yii\framework\db\CDbConnection.php:348
Stack trace:
#0 E:\yii\yii\framework\db\CDbConnection.php(297): CDbConnection->open()
#1 E:\yii\yii\framework\db\CDbConnection.php(275): CDbConnection->setActive(true)
#2 E:\yii\yii\framework\base\CModule.php(372): CDbConnection->init()
#3 E:\yii\yii\framework\base\CApplication.php(426): CModule->getComponent('db')
#4 E:\yii\yii\framework\db\ar\CActiveRecord.php(607): CApplication->getDb()
#5 E:\yii\yii\framework\db\ar\CActiveRecord.php(2236): CActiveRecord->getDbConnection()
#6 E:\yii\yii\framework\db\ar\CActiveRecord.php(371): CActiveRecordMetaData->__construct(Object(Post))
#7 E:\yii\yii\framework\web\CActiveDataProvider.php(72): CActiveRecord::model('Post')
#8 E:\yii\blog\protected\controllers\PostController.php(159): CActiveDataProvider->__construct('Post', Array)
#9 E:\yii\yii\framework\web\actions\CInlineAction.php(50): PostController->actionIndex()
#10 E:\yii\yii\framework\web\CController.php(300): CInlineAction->runWithParams(Array)
#11 E:\yii\yii\framework\web\filters\CFilterChain.php(133): CController->runAction(Object(CInlineAction))
#12 E:\yii\yii\framework\web\filters\CFilter.php(41): CFilterChain->run()
#13 E:\yii\yii\framework\web\CController.php(1122): CFilter->filter(Object(CFilterChain))
#14 E:\yii\yii\framework\web\filters\CInlineFilter.php(59): CController->filterAccessControl(Object(CFilterChain))
#15 E:\yii\yii\framework\web\filters\CFilterChain.php(130): CInlineFilter->filter(Object(CFilterChain))
#16 E:\yii\yii\framework\web\CController.php(283): CFilterChain->run()
#17 E:\yii\yii\framework\web\CController.php(257): CController->runActionWithFilters(Object(CInlineAction), Array)
#18 E:\yii\yii\framework\web\CWebApplication.php(328): CController->run('')
#19 E:\yii\yii\framework\web\CWebApplication.php(121): CWebApplication->runController('')
#20 E:\yii\yii\framework\base\CApplication.php(155): CWebApplication->processRequest()
#21 E:\yii\blog\index.php(13): CApplication->run()
#22 {main} REQUEST_URI=/blog/
2015/02/10 16:18:17 [error] [system.db.CDbCommand] CDbCommand::fetchAll() failed: SQLSTATE[42S02]: Base table or view not found: 1146 Table 'wechat.client' doesn't exist. The SQL statement executed was: SHOW COLUMNS FROM `client`.
2015/02/10 16:18:24 [error] [system.db.CDbCommand] CDbCommand::fetchAll() failed: SQLSTATE[42S02]: Base table or view not found: 1146 Table 'wechat.client' doesn't exist. The SQL statement executed was: SHOW COLUMNS FROM `Client`.
2015/02/10 16:38:24 [error] [php] Undefined index: openid (E:\yii\wechat\protected\controllers\BindController.php:41)
Stack trace:
#0 E:\yii\yii\framework\web\CController.php(278): BindController->runAction()
#1 E:\yii\yii\framework\web\CController.php(257): BindController->runActionWithFilters()
#2 E:\yii\yii\framework\web\CWebApplication.php(328): BindController->run()
#3 E:\yii\yii\framework\web\CWebApplication.php(121): CWebApplication->runController()
#4 E:\yii\yii\framework\base\CApplication.php(155): CWebApplication->processRequest()
#5 E:\yii\wechat\index.php(13): CWebApplication->run()
REQUEST_URI=/wechat/index.php/bind/checkMobile
2015/02/10 16:40:07 [error] [php] file_get_contents(): Unable to find the wrapper &quot;https&quot; - did you forget to enable it when you configured PHP? (E:\yii\wechat\protected\controllers\BindController.php:52)
Stack trace:
#0 E:\yii\yii\framework\web\CController.php(300): CInlineAction->runWithParams()
#1 E:\yii\yii\framework\web\CController.php(278): BindController->runAction()
#2 E:\yii\yii\framework\web\CController.php(257): BindController->runActionWithFilters()
#3 E:\yii\yii\framework\web\CWebApplication.php(328): BindController->run()
#4 E:\yii\yii\framework\web\CWebApplication.php(121): CWebApplication->runController()
#5 E:\yii\yii\framework\base\CApplication.php(155): CWebApplication->processRequest()
#6 E:\yii\wechat\index.php(13): CWebApplication->run()
REQUEST_URI=/wechat/index.php/bind/checkMobile
2015/02/10 16:40:32 [error] [php] Undefined index: openid (E:\yii\wechat\protected\controllers\BindController.php:41)
Stack trace:
#0 E:\yii\yii\framework\web\CController.php(278): BindController->runAction()
#1 E:\yii\yii\framework\web\CController.php(257): BindController->runActionWithFilters()
#2 E:\yii\yii\framework\web\CWebApplication.php(328): BindController->run()
#3 E:\yii\yii\framework\web\CWebApplication.php(121): CWebApplication->runController()
#4 E:\yii\yii\framework\base\CApplication.php(155): CWebApplication->processRequest()
#5 E:\yii\wechat\index.php(13): CWebApplication->run()
REQUEST_URI=/wechat/index.php/bind/checkMobile
2015/02/10 16:55:13 [error] [php] file_get_contents(): Unable to find the wrapper &quot;https&quot; - did you forget to enable it when you configured PHP? (E:\yii\wechat\protected\controllers\BindController.php:52)
Stack trace:
#0 E:\yii\yii\framework\web\CController.php(300): CInlineAction->runWithParams()
#1 E:\yii\yii\framework\web\CController.php(278): BindController->runAction()
#2 E:\yii\yii\framework\web\CController.php(257): BindController->runActionWithFilters()
#3 E:\yii\yii\framework\web\CWebApplication.php(328): BindController->run()
#4 E:\yii\yii\framework\web\CWebApplication.php(121): CWebApplication->runController()
#5 E:\yii\yii\framework\base\CApplication.php(155): CWebApplication->processRequest()
#6 E:\yii\wechat\index.php(13): CWebApplication->run()
REQUEST_URI=/index.php/bind/checkMobile
2015/02/10 17:01:20 [error] [php] file_get_contents(): Unable to find the wrapper &quot;https&quot; - did you forget to enable it when you configured PHP? (E:\yii\wechat\protected\controllers\BindController.php:51)
Stack trace:
#0 E:\yii\yii\framework\web\CController.php(300): CInlineAction->runWithParams()
#1 E:\yii\yii\framework\web\CController.php(278): BindController->runAction()
#2 E:\yii\yii\framework\web\CController.php(257): BindController->runActionWithFilters()
#3 E:\yii\yii\framework\web\CWebApplication.php(328): BindController->run()
#4 E:\yii\yii\framework\web\CWebApplication.php(121): CWebApplication->runController()
#5 E:\yii\yii\framework\base\CApplication.php(155): CWebApplication->processRequest()
#6 E:\yii\wechat\index.php(13): CWebApplication->run()
REQUEST_URI=/index.php/bind/checkMobile
2015/02/11 09:31:51 [error] [php] file_get_contents(): Unable to find the wrapper &quot;https&quot; - did you forget to enable it when you configured PHP? (E:\yii\wechat\protected\controllers\BindController.php:53)
Stack trace:
#0 E:\yii\yii\framework\web\CController.php(300): CInlineAction->runWithParams()
#1 E:\yii\yii\framework\web\CController.php(278): BindController->runAction()
#2 E:\yii\yii\framework\web\CController.php(257): BindController->runActionWithFilters()
#3 E:\yii\yii\framework\web\CWebApplication.php(328): BindController->run()
#4 E:\yii\yii\framework\web\CWebApplication.php(121): CWebApplication->runController()
#5 E:\yii\yii\framework\base\CApplication.php(155): CWebApplication->processRequest()
#6 E:\yii\wechat\index.php(13): CWebApplication->run()
REQUEST_URI=/index.php/bind/checkMobile
